#
# A fatal error has been detected by the Java Runtime Environment:
#
#  SIGSEGV (0xb) at pc=0x00007f7a7d8b6933, pid=15959, tid=0x00007f7a68303700
#
# JRE version: Java(TM) SE Runtime Environment (8.0_151-b12) (build 1.8.0_151-b12)
# Java VM: Java HotSpot(TM) 64-Bit Server VM (25.151-b12 mixed mode linux-amd64 compressed oops)
# Problematic frame:
# V  [libjvm.so+0x992933]  oopDesc* PSPromotionManager::copy_to_survivor_space<false>(oopDesc*)+0x143
#
# Failed to write core dump. Core dumps have been disabled. To enable core dumping, try "ulimit -c unlimited" before starting Java again
#
# If you would like to submit a bug report, please visit:
#   http://bugreport.java.com/bugreport/crash.jsp
#

---------------  T H R E A D  ---------------

Current thread (0x00007f7a78021000):  GCTaskThread [stack: 0x00007f7a68203000,0x00007f7a68304000] [id=15966]

siginfo: si_signo: 11 (SIGSEGV), si_code: 1 (SEGV_MAPERR), si_addr: 0x0000000003380330

Registers:
RAX=0x00007f7a7deba9a0, RBX=0x00000000eec06d20, RCX=0x0000000000000003, RDX=0x0000000000000001
RSP=0x00007f7a683028d0, RBP=0x00007f7a68302940, RSI=0x00000000eab1b438, RDI=0x0000000003380328
R8 =0x00000000eec06d10, R9 =0x00007f7a7deee0f0, R10=0x00007f7a7dedeeb9, R11=0x00007f7a7e0b1110
R12=0x00000000eab1b438, R13=0x006c006900760069, R14=0x0000000000000000, R15=0x00007f7a780752a8
RIP=0x00007f7a7d8b6933, EFLAGS=0x0000000000010206, CSGSFS=0x0000000000000033, ERR=0x0000000000000004
  TRAPNO=0x000000000000000e

Top of Stack: (sp=0x00007f7a683028d0)
0x00007f7a683028d0:   00000000eebe2a81 00007f7a7dedeeb9
0x00007f7a683028e0:   00000000eab003b8 00007f7a78075240
0x00007f7a683028f0:   00000000eebff751 000000000000000d
0x00007f7a68302900:   00000000eab0e872 0000000000001000
0x00007f7a68302910:   0000000000000000 00000000eec06d20
0x00007f7a68302920:   00007f7a78075240 00007f7a7deba990
0x00007f7a68302930:   0000000000000000 00007f7a780752a8
0x00007f7a68302940:   00007f7a68302a30 00007f7a7d8b6200
0x00007f7a68302950:   00000000eebcf658 00007f7a683029c0
0x00007f7a68302960:   00007f7a683029d0 00007f7a68302990
0x00007f7a68302970:   00007f7a683029a0 00007f7a683029f0
0x00007f7a68302980:   00007f7a683029b0 00007f7a780752d8
0x00007f7a68302990:   00007f7a68302aa0 00007f7a68302a60
0x00007f7a683029a0:   00007f7a683029d0 00007f7a7d8bad6f
0x00007f7a683029b0:   00007f7a683029d0 00007f7a68302a50
0x00007f7a683029c0:   00007f7a78026ab0 00007f7a68302a50
0x00007f7a683029d0:   00007f7a683029f0 00007f7a7d8ba27b
0x00007f7a683029e0:   00007f7a68302aa0 0000000100000028
0x00007f7a683029f0:   00000000eec06d21 00007f7a7d3909e4
0x00007f7a68302a00:   00007f7a78021640 00007f7a3823f450
0x00007f7a68302a10:   00007f7a78075240 0000000000000001
0x00007f7a68302a20:   00007f7a78021640 00007f7a7da7b2c4
0x00007f7a68302a30:   00007f7a68302af0 00007f7a7d8b9c42
0x00007f7a68302a40:   0000000000000000 00007f7a7da7b2d8
0x00007f7a68302a50:   00007f7a7de91cc0 00007f7a68302a00
0x00007f7a68302a60:   00007f7a7de91cf0 00007f7a78075200
0x00007f7a68302a70:   00007f7a78075240 0000000000000000
0x00007f7a68302a80:   00007f7a7de91c90 0000000000000000
0x00007f7a68302a90:   00007f7a78075240 00007f7a7d806fcb
0x00007f7a68302aa0:   00007f7a7de91b10 00007f7a3823f400
0x00007f7a68302ab0:   00007f7a78075240 00007f7a7d4fe1d7
0x00007f7a68302ac0:   00007f7a68302af0 00007f7a3823f450 

Instructions: (pc=0x00007f7a7d8b6933)
0x00007f7a7d8b6913:   83 e0 07 48 83 f8 05 75 d3 31 db eb d6 48 8b 05
0x00007f7a7d8b6923:   b1 4e 5e 00 8b 7e 08 8b 48 08 48 d3 e7 48 03 38
0x00007f7a7d8b6933:   8b 77 08 83 fe 00 0f 8f 0a ff ff ff 0f 85 4b 02
0x00007f7a7d8b6943:   00 00 0f 1f 00 48 8b 07 4c 89 e6 4c 89 55 98 ff 

Register to memory mapping:

RAX=0x00007f7a7deba9a0: <offset 0xf969a0> in /usr/lib/jvm/java-8-oracle/jre/lib/amd64/server/libjvm.so at 0x00007f7a7cf24000
RBX=0x00000000eec06d20 is an oop

[error occurred during error reporting (printing register info), id 0xb]

Stack: [0x00007f7a68203000,0x00007f7a68304000],  sp=0x00007f7a683028d0,  free space=1022k
Native frames: (J=compiled Java code, j=interpreted, Vv=VM code, C=native code)
V  [libjvm.so+0x992933]  oopDesc* PSPromotionManager::copy_to_survivor_space<false>(oopDesc*)+0x143
V  [libjvm.so+0x992200]  PSPromotionManager::drain_stacks_depth(bool)+0x830
V  [libjvm.so+0x995c42]  ScavengeRootsTask::do_it(GCTaskManager*, unsigned int)+0x82
V  [libjvm.so+0x5daecf]  GCTaskThread::run()+0x12f
V  [libjvm.so+0x92a728]  java_start(Thread*)+0x108


---------------  P R O C E S S  ---------------

Java Threads: ( => current thread )
  0x00007f7a78156800 JavaThread "pool-1-thread-4" [_thread_blocked, id=15982, stack(0x00007f7a4f1ed000,0x00007f7a4f2ee000)]
  0x00007f7a78154800 JavaThread "pool-1-thread-3" [_thread_blocked, id=15981, stack(0x00007f7a4f2ee000,0x00007f7a4f3ef000)]
  0x00007f7a78153000 JavaThread "pool-1-thread-2" [_thread_blocked, id=15980, stack(0x00007f7a4f3ef000,0x00007f7a4f4f0000)]
  0x00007f7a7814f800 JavaThread "pool-2-thread-1" [_thread_blocked, id=15979, stack(0x00007f7a4f4f0000,0x00007f7a4f5f1000)]
  0x00007f7a7814d000 JavaThread "pool-1-thread-1" [_thread_blocked, id=15978, stack(0x00007f7a4f5f1000,0x00007f7a4f6f2000)]
  0x00007f7a780c2000 JavaThread "Service Thread" daemon [_thread_blocked, id=15976, stack(0x00007f7a4f7f3000,0x00007f7a4f8f4000)]
  0x00007f7a780bf800 JavaThread "C1 CompilerThread2" daemon [_thread_blocked, id=15975, stack(0x00007f7a4f8f4000,0x00007f7a4f9f5000)]
  0x00007f7a780bd800 JavaThread "C2 CompilerThread1" daemon [_thread_in_native, id=15974, stack(0x00007f7a4f9f5000,0x00007f7a4faf6000)]
  0x00007f7a780ba800 JavaThread "C2 CompilerThread0" daemon [_thread_blocked, id=15973, stack(0x00007f7a4faf6000,0x00007f7a4fbf7000)]
  0x00007f7a780b9000 JavaThread "Signal Dispatcher" daemon [_thread_blocked, id=15972, stack(0x00007f7a6403c000,0x00007f7a6413d000)]
  0x00007f7a78084000 JavaThread "Finalizer" daemon [_thread_blocked, id=15971, stack(0x00007f7a6413d000,0x00007f7a6423e000)]
  0x00007f7a7807f800 JavaThread "Reference Handler" daemon [_thread_blocked, id=15970, stack(0x00007f7a6423e000,0x00007f7a6433f000)]
  0x00007f7a7800a000 JavaThread "main" [_thread_blocked, id=15961, stack(0x00007f7a7ea12000,0x00007f7a7eb13000)]

Other Threads:
  0x00007f7a78078000 VMThread [stack: 0x00007f7a6433f000,0x00007f7a64440000] [id=15969]
  0x00007f7a780c5000 WatcherThread [stack: 0x00007f7a4f6f2000,0x00007f7a4f7f3000] [id=15977]

=>0x00007f7a78021000 (exited) GCTaskThread [stack: 0x00007f7a68203000,0x00007f7a68304000] [id=15966]

VM state:at safepoint (normal execution)

VM Mutex/Monitor currently owned by a thread:  ([mutex/lock_event])
[0x00007f7a78006510] Threads_lock - owner thread: 0x00007f7a78078000
[0x00007f7a78006a10] Heap_lock - owner thread: 0x00007f7a7814d000

Heap:
 PSYoungGen      total 74752K, used 64512K [0x00000000eab00000, 0x00000000efe00000, 0x0000000100000000)
  eden space 64512K, 100% used [0x00000000eab00000,0x00000000eea00000,0x00000000eea00000)
  from space 10240K, 0% used [0x00000000ef400000,0x00000000ef400000,0x00000000efe00000)
  to   space 10240K, 86% used [0x00000000eea00000,0x00000000ef2a3690,0x00000000ef400000)
 ParOldGen       total 171008K, used 16K [0x00000000c0000000, 0x00000000ca700000, 0x00000000eab00000)
  object space 171008K, 0% used [0x00000000c0000000,0x00000000c0004000,0x00000000ca700000)
 Metaspace       used 5757K, capacity 6832K, committed 7040K, reserved 1056768K
  class space    used 593K, capacity 616K, committed 640K, reserved 1048576K

Card table byte_map: [0x00007f7a68405000,0x00007f7a68606000] byte_map_base: 0x00007f7a67e05000

Marking Bits: (ParMarkBitMap*) 0x00007f7a7deedf80
 Begin Bits: [0x00007f7a66001000, 0x00007f7a67001000)
 End Bits:   [0x00007f7a67001000, 0x00007f7a68001000)

Polling page: 0x00007f7a7eb3e000

CodeCache: size=245760Kb used=3431Kb max_used=3431Kb free=242328Kb
 bounds [0x00007f7a689c6000, 0x00007f7a68d26000, 0x00007f7a779c6000]
 total_blobs=1195 nmethods=933 adapters=176
 compilation: enabled

Compilation events (10 events):
Event: 4.943 Thread 0x00007f7a780bf800 nmethod 1145 0x00007f7a68d1e9d0 code [0x00007f7a68d1ec60, 0x00007f7a68d1f608]
Event: 4.943 Thread 0x00007f7a780bf800 1143       2       com.android.dx.rop.code.Insn$BaseVisitor::visitThrowingCstInsn (1 bytes)
Event: 4.943 Thread 0x00007f7a780bf800 nmethod 1143 0x00007f7a68d20210 code [0x00007f7a68d20360, 0x00007f7a68d204b0]
Event: 4.943 Thread 0x00007f7a780bf800 1146       2       com.android.dx.dex.code.RopTranslator$LocalVariableAwareTranslationVisitor::visitThrowingCstInsn (11 bytes)
Event: 4.944 Thread 0x00007f7a780bf800 nmethod 1146 0x00007f7a68d20550 code [0x00007f7a68d20720, 0x00007f7a68d20b18]
Event: 4.944 Thread 0x00007f7a780bf800  887       1       com.android.dx.ssa.SsaInsn::isNormalMoveInsn (2 bytes)
Event: 4.944 Thread 0x00007f7a780bf800 nmethod 887 0x00007f7a68d20f90 code [0x00007f7a68d210e0, 0x00007f7a68d211f0]
Event: 4.944 Thread 0x00007f7a780bf800 1171       2       com.android.dx.util.MutabilityControl::isImmutable (13 bytes)
Event: 4.944 Thread 0x00007f7a780bf800 nmethod 1171 0x00007f7a68d21250 code [0x00007f7a68d213a0, 0x00007f7a68d21510]
Event: 4.944 Thread 0x00007f7a780bf800 1105   !   2       com.android.dx.rop.type.Prototype::putIntern (50 bytes)

GC Heap History (1 events):
Event: 4.965 GC heap before
{Heap before GC invocations=1 (full 0):
 PSYoungGen      total 74752K, used 64512K [0x00000000eab00000, 0x00000000efe00000, 0x0000000100000000)
  eden space 64512K, 100% used [0x00000000eab00000,0x00000000eea00000,0x00000000eea00000)
  from space 10240K, 0% used [0x00000000ef400000,0x00000000ef400000,0x00000000efe00000)
  to   space 10240K, 0% used [0x00000000eea00000,0x00000000eea00000,0x00000000ef400000)
 ParOldGen       total 171008K, used 0K [0x00000000c0000000, 0x00000000ca700000, 0x00000000eab00000)
  object space 171008K, 0% used [0x00000000c0000000,0x00000000c0000000,0x00000000ca700000)
 Metaspace       used 5757K, capacity 6832K, committed 7040K, reserved 1056768K
  class space    used 593K, capacity 616K, committed 640K, reserved 1048576K

Deoptimization events (5 events):
Event: 2.612 Thread 0x00007f7a7814d000 Uncommon trap: reason=unstable_if action=reinterpret pc=0x00007f7a68b69ee4 method=java.lang.String.replace(CC)Ljava/lang/String; @ 26
Event: 3.982 Thread 0x00007f7a78154800 Uncommon trap: reason=null_check action=make_not_entrant pc=0x00007f7a68c62d18 method=com.android.dx.ssa.SsaRenamer.getLocalForNewReg(I)Lcom/android/dx/rop/code/LocalItem; @ 19
Event: 4.081 Thread 0x00007f7a7814d000 Uncommon trap: reason=null_check action=make_not_entrant pc=0x00007f7a68c72f20 method=com.android.dx.rop.type.Type.equals(Ljava/lang/Object;)Z @ 8
Event: 4.728 Thread 0x00007f7a7800a000 Uncommon trap: reason=unstable_if action=reinterpret pc=0x00007f7a68cb3cd0 method=com.android.dx.rop.code.RegisterSpecSet.put(Lcom/android/dx/rop/code/RegisterSpec;)V @ 77
Event: 4.762 Thread 0x00007f7a78156800 Uncommon trap: reason=null_check action=make_not_entrant pc=0x00007f7a68ca4e0c method=com.android.dx.ssa.SsaRenamer.getLocalForNewReg(I)Lcom/android/dx/rop/code/LocalItem; @ 19

Internal exceptions (5 events):
Event: 0.065 Thread 0x00007f7a7800a000 Exception <a 'java/lang/NoSuchMethodError': Method sun.misc.Unsafe.defineClass(Ljava/lang/String;[BII)Ljava/lang/Class; name or signature does not match> (0x00000000eab07ca8) thrown at [/HUDSON/workspace/8-2-build-linux-amd64/jdk8u151/9699/hotspot/src/sha
Event: 0.065 Thread 0x00007f7a7800a000 Exception <a 'java/lang/NoSuchMethodError': Method sun.misc.Unsafe.prefetchRead(Ljava/lang/Object;J)V name or signature does not match> (0x00000000eab07f90) thrown at [/HUDSON/workspace/8-2-build-linux-amd64/jdk8u151/9699/hotspot/src/share/vm/prims/jni.cp
Event: 3.982 Thread 0x00007f7a78154800 Implicit null exception at 0x00007f7a68c6038c to 0x00007f7a68c62cf5
Event: 4.081 Thread 0x00007f7a7814d000 Implicit null exception at 0x00007f7a68c72e22 to 0x00007f7a68c72f13
Event: 4.762 Thread 0x00007f7a78156800 Implicit null exception at 0x00007f7a68ca222a to 0x00007f7a68ca4dd1

Events (10 events):
Event: 4.081 Thread 0x00007f7a7814d000 DEOPT UNPACKING pc=0x00007f7a689cb229 sp=0x00007f7a4f6efe18 mode 2
Event: 4.181 Executing VM operation: EnableBiasedLocking
Event: 4.255 Executing VM operation: EnableBiasedLocking done
Event: 4.728 Thread 0x00007f7a7800a000 Uncommon trap: trap_request=0xffffff65 fr.pc=0x00007f7a68cb3cd0
Event: 4.728 Thread 0x00007f7a7800a000 DEOPT PACKING pc=0x00007f7a68cb3cd0 sp=0x00007f7a7eb10820
Event: 4.728 Thread 0x00007f7a7800a000 DEOPT UNPACKING pc=0x00007f7a689cb229 sp=0x00007f7a7eb107c8 mode 2
Event: 4.762 Thread 0x00007f7a78156800 Uncommon trap: trap_request=0xfffffff4 fr.pc=0x00007f7a68ca4e0c
Event: 4.762 Thread 0x00007f7a78156800 DEOPT PACKING pc=0x00007f7a68ca4e0c sp=0x00007f7a4f2ebd00
Event: 4.762 Thread 0x00007f7a78156800 DEOPT UNPACKING pc=0x00007f7a689cb229 sp=0x00007f7a4f2ebb78 mode 2
Event: 4.956 Executing VM operation: ParallelGCFailedAllocation


Dynamic libraries:
00400000-00401000 r-xp 00000000 08:02 31723639                           /usr/lib/jvm/java-8-oracle/bin/java
00600000-00601000 rw-p 00000000 08:02 31723639                           /usr/lib/jvm/java-8-oracle/bin/java
00c3c000-00c5d000 rw-p 00000000 00:00 0                                  [heap]
c0000000-ca700000 rw-p 00000000 00:00 0 
ca700000-eab00000 ---p 00000000 00:00 0 
eab00000-efe00000 rw-p 00000000 00:00 0 
efe00000-100000000 ---p 00000000 00:00 0 
100000000-1000a0000 rw-p 00000000 00:00 0 
1000a0000-140000000 ---p 00000000 00:00 0 
7f7a14000000-7f7a14021000 rw-p 00000000 00:00 0 
7f7a14021000-7f7a18000000 ---p 00000000 00:00 0 
7f7a1c000000-7f7a1c021000 rw-p 00000000 00:00 0 
7f7a1c021000-7f7a20000000 ---p 00000000 00:00 0 
7f7a20000000-7f7a20021000 rw-p 00000000 00:00 0 
7f7a20021000-7f7a24000000 ---p 00000000 00:00 0 
7f7a24000000-7f7a24029000 rw-p 00000000 00:00 0 
7f7a24029000-7f7a28000000 ---p 00000000 00:00 0 
7f7a28000000-7f7a28021000 rw-p 00000000 00:00 0 
7f7a28021000-7f7a2c000000 ---p 00000000 00:00 0 
7f7a2c000000-7f7a2c021000 rw-p 00000000 00:00 0 
7f7a2c021000-7f7a30000000 ---p 00000000 00:00 0 
7f7a30000000-7f7a30021000 rw-p 00000000 00:00 0 
7f7a30021000-7f7a34000000 ---p 00000000 00:00 0 
7f7a34000000-7f7a3448b000 rw-p 00000000 00:00 0 
7f7a3448b000-7f7a38000000 ---p 00000000 00:00 0 
7f7a38000000-7f7a38680000 rw-p 00000000 00:00 0 
7f7a38680000-7f7a3c000000 ---p 00000000 00:00 0 
7f7a3c000000-7f7a3c021000 rw-p 00000000 00:00 0 
7f7a3c021000-7f7a40000000 ---p 00000000 00:00 0 
7f7a40000000-7f7a4052c000 rw-p 00000000 00:00 0 
7f7a4052c000-7f7a44000000 ---p 00000000 00:00 0 
7f7a44000000-7f7a44021000 rw-p 00000000 00:00 0 
7f7a44021000-7f7a48000000 ---p 00000000 00:00 0 
7f7a48000000-7f7a48021000 rw-p 00000000 00:00 0 
7f7a48021000-7f7a4c000000 ---p 00000000 00:00 0 
7f7a4f1ed000-7f7a4f1f0000 ---p 00000000 00:00 0 
7f7a4f1f0000-7f7a4f2ee000 rw-p 00000000 00:00 0 
7f7a4f2ee000-7f7a4f2f1000 ---p 00000000 00:00 0 
7f7a4f2f1000-7f7a4f3ef000 rw-p 00000000 00:00 0 
7f7a4f3ef000-7f7a4f3f2000 ---p 00000000 00:00 0 
7f7a4f3f2000-7f7a4f4f0000 rw-p 00000000 00:00 0 
7f7a4f4f0000-7f7a4f4f3000 ---p 00000000 00:00 0 
7f7a4f4f3000-7f7a4f5f1000 rw-p 00000000 00:00 0 
7f7a4f5f1000-7f7a4f5f4000 ---p 00000000 00:00 0 
7f7a4f5f4000-7f7a4f6f2000 rw-p 00000000 00:00 0 
7f7a4f6f2000-7f7a4f6f3000 ---p 00000000 00:00 0 
7f7a4f6f3000-7f7a4f7f3000 rw-p 00000000 00:00 0 
7f7a4f7f3000-7f7a4f7f6000 ---p 00000000 00:00 0 
7f7a4f7f6000-7f7a4f8f4000 rw-p 00000000 00:00 0 
7f7a4f8f4000-7f7a4f8f7000 ---p 00000000 00:00 0 
7f7a4f8f7000-7f7a4f9f5000 rw-p 00000000 00:00 0 
7f7a4f9f5000-7f7a4f9f8000 ---p 00000000 00:00 0 
7f7a4f9f8000-7f7a4faf6000 rw-p 00000000 00:00 0 
7f7a4faf6000-7f7a4faf9000 ---p 00000000 00:00 0 
7f7a4faf9000-7f7a4fbf7000 rw-p 00000000 00:00 0 
7f7a4fbf7000-7f7a50000000 r--p 00000000 08:02 20709717                   /usr/lib/locale/locale-archive
7f7a50000000-7f7a50021000 rw-p 00000000 00:00 0 
7f7a50021000-7f7a54000000 ---p 00000000 00:00 0 
7f7a54000000-7f7a54021000 rw-p 00000000 00:00 0 
7f7a54021000-7f7a58000000 ---p 00000000 00:00 0 
7f7a58000000-7f7a58293000 rw-p 00000000 00:00 0 
7f7a58293000-7f7a5c000000 ---p 00000000 00:00 0 
7f7a5c000000-7f7a5c021000 rw-p 00000000 00:00 0 
7f7a5c021000-7f7a60000000 ---p 00000000 00:00 0 
7f7a60000000-7f7a60021000 rw-p 00000000 00:00 0 
7f7a60021000-7f7a64000000 ---p 00000000 00:00 0 
7f7a6403c000-7f7a6403f000 ---p 00000000 00:00 0 
7f7a6403f000-7f7a6413d000 rw-p 00000000 00:00 0 
7f7a6413d000-7f7a64140000 ---p 00000000 00:00 0 
7f7a64140000-7f7a6423e000 rw-p 00000000 00:00 0 
7f7a6423e000-7f7a64241000 ---p 00000000 00:00 0 
7f7a64241000-7f7a6433f000 rw-p 00000000 00:00 0 
7f7a6433f000-7f7a64340000 ---p 00000000 00:00 0 
7f7a64340000-7f7a653b2000 rw-p 00000000 00:00 0 
7f7a653b2000-7f7a6558b000 r--s 03d5a000 08:02 31725159                   /usr/lib/jvm/java-8-oracle/jre/lib/rt.jar
7f7a6558b000-7f7a65c41000 rw-p 00000000 00:00 0 
7f7a65c41000-7f7a65e01000 ---p 00000000 00:00 0 
7f7a65e01000-7f7a68001000 rw-p 00000000 00:00 0 
7f7a68001000-7f7a68002000 ---p 00000000 00:00 0 
7f7a68002000-7f7a68102000 rw-p 00000000 00:00 0 
7f7a68102000-7f7a68103000 ---p 00000000 00:00 0 
7f7a68103000-7f7a68203000 rw-p 00000000 00:00 0 
7f7a68203000-7f7a68204000 ---p 00000000 00:00 0 
7f7a68204000-7f7a68304000 rw-p 00000000 00:00 0 
7f7a68304000-7f7a68305000 ---p 00000000 00:00 0 
7f7a68305000-7f7a68459000 rw-p 00000000 00:00 0 
7f7a68459000-7f7a6855a000 ---p 00000000 00:00 0 
7f7a6855a000-7f7a68584000 rw-p 00000000 00:00 0 
7f7a68584000-7f7a68605000 ---p 00000000 00:00 0 
7f7a68605000-7f7a68614000 rw-p 00000000 00:00 0 
7f7a68614000-7f7a689c6000 ---p 00000000 00:00 0 
7f7a689c6000-7f7a68d26000 rwxp 00000000 00:00 0 
7f7a68d26000-7f7a779c6000 ---p 00000000 00:00 0 
7f7a779c6000-7f7a779e1000 r-xp 00000000 08:02 31850731                   /usr/lib/jvm/java-8-oracle/jre/lib/amd64/libzip.so
7f7a779e1000-7f7a77be1000 ---p 0001b000 08:02 31850731                   /usr/lib/jvm/java-8-oracle/jre/lib/amd64/libzip.so
7f7a77be1000-7f7a77be2000 rw-p 0001b000 08:02 31850731                   /usr/lib/jvm/java-8-oracle/jre/lib/amd64/libzip.so
7f7a77be2000-7f7a77bed000 r-xp 00000000 08:02 49807552                   /lib/x86_64-linux-gnu/libnss_files-2.23.so
7f7a77bed000-7f7a77dec000 ---p 0000b000 08:02 49807552                   /lib/x86_64-linux-gnu/libnss_files-2.23.so
7f7a77dec000-7f7a77ded000 r--p 0000a000 08:02 49807552                   /lib/x86_64-linux-gnu/libnss_files-2.23.so
7f7a77ded000-7f7a77dee000 rw-p 0000b000 08:02 49807552                   /lib/x86_64-linux-gnu/libnss_files-2.23.so
7f7a77dee000-7f7a77df4000 rw-p 00000000 00:00 0 
7f7a77df4000-7f7a77dff000 r-xp 00000000 08:02 49807568                   /lib/x86_64-linux-gnu/libnss_nis-2.23.so
7f7a77dff000-7f7a77ffe000 ---p 0000b000 08:02 49807568                   /lib/x86_64-linux-gnu/libnss_nis-2.23.so
7f7a77ffe000-7f7a77fff000 r--p 0000a000 08:02 49807568                   /lib/x86_64-linux-gnu/libnss_nis-2.23.so
7f7a77fff000-7f7a78000000 rw-p 0000b000 08:02 49807568                   /lib/x86_64-linux-gnu/libnss_nis-2.23.so
7f7a78000000-7f7a78396000 rw-p 00000000 00:00 0 
7f7a78396000-7f7a7c000000 ---p 00000000 00:00 0 
7f7a7c002000-7f7a7c011000 r--s 000df000 08:02 27534103                   /home/dvas0004/Android/Sdk/build-tools/23.0.1/lib/dx.jar
7f7a7c011000-7f7a7c0b4000 rw-p 00000000 00:00 0 
7f7a7c0b4000-7f7a7c1b6000 ---p 00000000 00:00 0 
7f7a7c1b6000-7f7a7c1cc000 r-xp 00000000 08:02 49807540                   /lib/x86_64-linux-gnu/libnsl-2.23.so
7f7a7c1cc000-7f7a7c3cb000 ---p 00016000 08:02 49807540                   /lib/x86_64-linux-gnu/libnsl-2.23.so
7f7a7c3cb000-7f7a7c3cc000 r--p 00015000 08:02 49807540                   /lib/x86_64-linux-gnu/libnsl-2.23.so
7f7a7c3cc000-7f7a7c3cd000 rw-p 00016000 08:02 49807540                   /lib/x86_64-linux-gnu/libnsl-2.23.so
7f7a7c3cd000-7f7a7c3cf000 rw-p 00000000 00:00 0 
7f7a7c3cf000-7f7a7c3d7000 r-xp 00000000 08:02 49807636                   /lib/x86_64-linux-gnu/libnss_compat-2.23.so
7f7a7c3d7000-7f7a7c5d6000 ---p 00008000 08:02 49807636                   /lib/x86_64-linux-gnu/libnss_compat-2.23.so
7f7a7c5d6000-7f7a7c5d7000 r--p 00007000 08:02 49807636                   /lib/x86_64-linux-gnu/libnss_compat-2.23.so
7f7a7c5d7000-7f7a7c5d8000 rw-p 00008000 08:02 49807636                   /lib/x86_64-linux-gnu/libnss_compat-2.23.so
7f7a7c5d8000-7f7a7c603000 r-xp 00000000 08:02 31850725                   /usr/lib/jvm/java-8-oracle/jre/lib/amd64/libjava.so
7f7a7c603000-7f7a7c802000 ---p 0002b000 08:02 31850725                   /usr/lib/jvm/java-8-oracle/jre/lib/amd64/libjava.so
7f7a7c802000-7f7a7c804000 rw-p 0002a000 08:02 31850725                   /usr/lib/jvm/java-8-oracle/jre/lib/amd64/libjava.so
7f7a7c804000-7f7a7c811000 r-xp 00000000 08:02 31850730                   /usr/lib/jvm/java-8-oracle/jre/lib/amd64/libverify.so
7f7a7c811000-7f7a7ca11000 ---p 0000d000 08:02 31850730                   /usr/lib/jvm/java-8-oracle/jre/lib/amd64/libverify.so
7f7a7ca11000-7f7a7ca13000 rw-p 0000d000 08:02 31850730                   /usr/lib/jvm/java-8-oracle/jre/lib/amd64/libverify.so
7f7a7ca13000-7f7a7ca1a000 r-xp 00000000 08:02 49807586                   /lib/x86_64-linux-gnu/librt-2.23.so
7f7a7ca1a000-7f7a7cc19000 ---p 00007000 08:02 49807586                   /lib/x86_64-linux-gnu/librt-2.23.so
7f7a7cc19000-7f7a7cc1a000 r--p 00006000 08:02 49807586                   /lib/x86_64-linux-gnu/librt-2.23.so
7f7a7cc1a000-7f7a7cc1b000 rw-p 00007000 08:02 49807586                   /lib/x86_64-linux-gnu/librt-2.23.so
7f7a7cc1b000-7f7a7cd23000 r-xp 00000000 08:02 49807646                   /lib/x86_64-linux-gnu/libm-2.23.so
7f7a7cd23000-7f7a7cf22000 ---p 00108000 08:02 49807646                   /lib/x86_64-linux-gnu/libm-2.23.so
7f7a7cf22000-7f7a7cf23000 r--p 00107000 08:02 49807646                   /lib/x86_64-linux-gnu/libm-2.23.so
7f7a7cf23000-7f7a7cf24000 rw-p 00108000 08:02 49807646                   /lib/x86_64-linux-gnu/libm-2.23.so
7f7a7cf24000-7f7a7dbf7000 r-xp 00000000 08:02 31850708                   /usr/lib/jvm/java-8-oracle/jre/lib/amd64/server/libjvm.so
7f7a7dbf7000-7f7a7ddf6000 ---p 00cd3000 08:02 31850708                   /usr/lib/jvm/java-8-oracle/jre/lib/amd64/server/libjvm.so
7f7a7ddf6000-7f7a7ded0000 rw-p 00cd2000 08:02 31850708                   /usr/lib/jvm/java-8-oracle/jre/lib/amd64/server/libjvm.so
7f7a7ded0000-7f7a7df1b000 rw-p 00000000 00:00 0 
7f7a7df1b000-7f7a7e0db000 r-xp 00000000 08:02 49807653                   /lib/x86_64-linux-gnu/libc-2.23.so
7f7a7e0db000-7f7a7e2db000 ---p 001c0000 08:02 49807653                   /lib/x86_64-linux-gnu/libc-2.23.so
7f7a7e2db000-7f7a7e2df000 r--p 001c0000 08:02 49807653                   /lib/x86_64-linux-gnu/libc-2.23.so
7f7a7e2df000-7f7a7e2e1000 rw-p 001c4000 08:02 49807653                   /lib/x86_64-linux-gnu/libc-2.23.so
7f7a7e2e1000-7f7a7e2e5000 rw-p 00000000 00:00 0 
7f7a7e2e5000-7f7a7e2e8000 r-xp 00000000 08:02 49807634                   /lib/x86_64-linux-gnu/libdl-2.23.so
7f7a7e2e8000-7f7a7e4e7000 ---p 00003000 08:02 49807634                   /lib/x86_64-linux-gnu/libdl-2.23.so
7f7a7e4e7000-7f7a7e4e8000 r--p 00002000 08:02 49807634                   /lib/x86_64-linux-gnu/libdl-2.23.so
7f7a7e4e8000-7f7a7e4e9000 rw-p 00003000 08:02 49807634                   /lib/x86_64-linux-gnu/libdl-2.23.so
7f7a7e4e9000-7f7a7e4ff000 r-xp 00000000 08:02 31725002                   /usr/lib/jvm/java-8-oracle/lib/amd64/jli/libjli.so
7f7a7e4ff000-7f7a7e6fe000 ---p 00016000 08:02 31725002                   /usr/lib/jvm/java-8-oracle/lib/amd64/jli/libjli.so
7f7a7e6fe000-7f7a7e6ff000 rw-p 00015000 08:02 31725002                   /usr/lib/jvm/java-8-oracle/lib/amd64/jli/libjli.so
7f7a7e6ff000-7f7a7e717000 r-xp 00000000 08:02 49807564                   /lib/x86_64-linux-gnu/libpthread-2.23.so
7f7a7e717000-7f7a7e916000 ---p 00018000 08:02 49807564                   /lib/x86_64-linux-gnu/libpthread-2.23.so
7f7a7e916000-7f7a7e917000 r--p 00017000 08:02 49807564                   /lib/x86_64-linux-gnu/libpthread-2.23.so
7f7a7e917000-7f7a7e918000 rw-p 00018000 08:02 49807564                   /lib/x86_64-linux-gnu/libpthread-2.23.so
7f7a7e918000-7f7a7e91c000 rw-p 00000000 00:00 0 
7f7a7e91c000-7f7a7e942000 r-xp 00000000 08:02 49807544                   /lib/x86_64-linux-gnu/ld-2.23.so
7f7a7e94d000-7f7a7ea12000 rw-p 00000000 00:00 0 
7f7a7ea12000-7f7a7ea15000 ---p 00000000 00:00 0 
7f7a7ea15000-7f7a7eb17000 rw-p 00000000 00:00 0 
7f7a7eb18000-7f7a7eb21000 r--s 00055000 08:02 58591251                   /home/dvas0004/Documents/TallinnTreasureHunt/android/app/build/intermediates/exploded-aar/com.facebook.fresco/imagepipeline/1.3.0/jars/classes.jar
7f7a7eb21000-7f7a7eb35000 rw-p 00000000 00:00 0 
7f7a7eb35000-7f7a7eb3d000 rw-s 00000000 08:02 27265067                   /tmp/hsperfdata_root/15959
7f7a7eb3d000-7f7a7eb3e000 rw-p 00000000 00:00 0 
7f7a7eb3e000-7f7a7eb3f000 ---p 00000000 00:00 0 
7f7a7eb3f000-7f7a7eb41000 rw-p 00000000 00:00 0 
7f7a7eb41000-7f7a7eb42000 r--p 00025000 08:02 49807544                   /lib/x86_64-linux-gnu/ld-2.23.so
7f7a7eb42000-7f7a7eb43000 rw-p 00026000 08:02 49807544                   /lib/x86_64-linux-gnu/ld-2.23.so
7f7a7eb43000-7f7a7eb44000 rw-p 00000000 00:00 0 
7fffd0e7e000-7fffd0e9f000 rw-p 00000000 00:00 0                          [stack]
7fffd0f68000-7fffd0f6b000 r--p 00000000 00:00 0                          [vvar]
7fffd0f6b000-7fffd0f6d000 r-xp 00000000 00:00 0                          [vdso]
ffffffffff600000-ffffffffff601000 r-xp 00000000 00:00 0                  [vsyscall]

VM Arguments:
jvm_args: -Djava.awt.headless=true -Xmx1024M -Dfile.encoding=UTF-8 -Duser.country=US -Duser.language=en -Duser.variant 
java_command: com.android.dx.command.Main --dex --num-threads=4 --output /home/dvas0004/Documents/TallinnTreasureHunt/android/app/build/intermediates/pre-dexed/debug/com.facebook.fresco-imagepipeline-1.3.0_da29433e30485bbae0b6c633131e24dac0d8755a.jar /home/dvas0004/Documents/TallinnTreasureHunt/android/app/build/intermediates/exploded-aar/com.facebook.fresco/imagepipeline/1.3.0/jars/classes.jar
java_class_path (initial): /home/dvas0004/Android/Sdk/build-tools/23.0.1/lib/dx.jar
Launcher Type: SUN_STANDARD

Environment Variables:
PATH=/usr/local/sbin:/usr/local/bin:/usr/sbin:/usr/bin:/sbin:/bin:/snap/bin
USERNAME=root
SHELL=/bin/bash
DISPLAY=:1

Signal Handlers:
SIGSEGV: [libjvm.so+0xacbe10], sa_mask[0]=11111111011111111101111111111110, sa_flags=SA_RESTART|SA_SIGINFO
SIGBUS: [libjvm.so+0xacbe10], sa_mask[0]=11111111011111111101111111111110, sa_flags=SA_RESTART|SA_SIGINFO
SIGFPE: [libjvm.so+0x924f90], sa_mask[0]=11111111011111111101111111111110, sa_flags=SA_RESTART|SA_SIGINFO
SIGPIPE: [libjvm.so+0x924f90], sa_mask[0]=11111111011111111101111111111110, sa_flags=SA_RESTART|SA_SIGINFO
SIGXFSZ: [libjvm.so+0x924f90], sa_mask[0]=11111111011111111101111111111110, sa_flags=SA_RESTART|SA_SIGINFO
SIGILL: [libjvm.so+0x924f90], sa_mask[0]=11111111011111111101111111111110, sa_flags=SA_RESTART|SA_SIGINFO
SIGUSR1: SIG_DFL, sa_mask[0]=00000000000000000000000000000000, sa_flags=none
SIGUSR2: [libjvm.so+0x9267d0], sa_mask[0]=00100000000000000000000000000000, sa_flags=SA_RESTART|SA_SIGINFO
SIGHUP: [libjvm.so+0x927bd0], sa_mask[0]=11111111011111111101111111111110, sa_flags=SA_RESTART|SA_SIGINFO
SIGINT: [libjvm.so+0x927bd0], sa_mask[0]=11111111011111111101111111111110, sa_flags=SA_RESTART|SA_SIGINFO
SIGTERM: [libjvm.so+0x927bd0], sa_mask[0]=11111111011111111101111111111110, sa_flags=SA_RESTART|SA_SIGINFO
SIGQUIT: [libjvm.so+0x927bd0], sa_mask[0]=11111111011111111101111111111110, sa_flags=SA_RESTART|SA_SIGINFO


---------------  S Y S T E M  ---------------

OS:DISTRIB_ID=Ubuntu
DISTRIB_RELEASE=16.04
DISTRIB_CODENAME=xenial
DISTRIB_DESCRIPTION="Ubuntu 16.04.3 LTS"

uname:Linux 4.4.0-109-generic #132-Ubuntu SMP Tue Jan 9 19:52:39 UTC 2018 x86_64
libc:glibc 2.23 NPTL 2.23 
rlimit: STACK 8192k, CORE 0k, NPROC 63431, NOFILE 1048576, AS infinity
load average:8.17 3.26 2.82

/proc/meminfo:
MemTotal:       16331212 kB
MemFree:          519012 kB
MemAvailable:    7218992 kB
Buffers:         1633600 kB
Cached:          5674412 kB
SwapCached:            0 kB
Active:         11236820 kB
Inactive:        3371208 kB
Active(anon):    7397044 kB
Inactive(anon):  1041976 kB
Active(file):    3839776 kB
Inactive(file):  2329232 kB
Unevictable:        5252 kB
Mlocked:            5252 kB
SwapTotal:      16674812 kB
SwapFree:       16674812 kB
Dirty:             10920 kB
Writeback:             0 kB
AnonPages:       7307428 kB
Mapped:          1367540 kB
Shmem:           1139008 kB
Slab:             949076 kB
SReclaimable:     867248 kB
SUnreclaim:        81828 kB
KernelStack:       26560 kB
PageTables:        99164 kB
NFS_Unstable:          0 kB
Bounce:                0 kB
WritebackTmp:          0 kB
CommitLimit:    24840416 kB
Committed_AS:   22591660 kB
VmallocTotal:   34359738367 kB
VmallocUsed:           0 kB
VmallocChunk:          0 kB
HardwareCorrupted:     0 kB
AnonHugePages:   2850816 kB
CmaTotal:              0 kB
CmaFree:               0 kB
HugePages_Total:       0
HugePages_Free:        0
HugePages_Rsvd:        0
HugePages_Surp:        0
Hugepagesize:       2048 kB
DirectMap4k:      353380 kB
DirectMap2M:    16322560 kB


CPU:total 4 (initial active 4) (2 cores per cpu, 2 threads per core) family 6 model 58 stepping 9, cmov, cx8, fxsr, mmx, sse, sse2, sse3, ssse3, sse4.1, sse4.2, popcnt, avx, aes, clmul, erms, ht, tsc, tscinvbit, tscinv

/proc/cpuinfo:
processor	: 0
vendor_id	: GenuineIntel
cpu family	: 6
model		: 58
model name	: Intel(R) Core(TM) i5-3337U CPU @ 1.80GHz
stepping	: 9
microcode	: 0x1c
cpu MHz		: 2199.937
cache size	: 3072 KB
physical id	: 0
siblings	: 4
core id		: 0
cpu cores	: 2
apicid		: 0
initial apicid	: 0
fpu		: yes
fpu_exception	: yes
cpuid level	: 13
wp		: yes
flags		: fpu vme de pse tsc msr pae mce cx8 apic sep mtrr pge mca cmov pat pse36 clflush dts acpi mmx fxsr sse sse2 ss ht tm pbe syscall nx rdtscp lm constant_tsc arch_perfmon pebs bts rep_good nopl xtopology nonstop_tsc aperfmperf eagerfpu pni pclmulqdq dtes64 monitor ds_cpl vmx est tm2 ssse3 cx16 xtpr pdcm pcid sse4_1 sse4_2 x2apic popcnt tsc_deadline_timer aes xsave avx f16c rdrand lahf_lm epb kaiser tpr_shadow vnmi flexpriority ept vpid fsgsbase smep erms xsaveopt dtherm ida arat pln pts
bugs		:
bogomips	: 3591.59
clflush size	: 64
cache_alignment	: 64
address sizes	: 36 bits physical, 48 bits virtual
power management:

processor	: 1
vendor_id	: GenuineIntel
cpu family	: 6
model		: 58
model name	: Intel(R) Core(TM) i5-3337U CPU @ 1.80GHz
stepping	: 9
microcode	: 0x1c
cpu MHz		: 2199.937
cache size	: 3072 KB
physical id	: 0
siblings	: 4
core id		: 1
cpu cores	: 2
apicid		: 2
initial apicid	: 2
fpu		: yes
fpu_exception	: yes
cpuid level	: 13
wp		: yes
flags		: fpu vme de pse tsc msr pae mce cx8 apic sep mtrr pge mca cmov pat pse36 clflush dts acpi mmx fxsr sse sse2 ss ht tm pbe syscall nx rdtscp lm constant_tsc arch_perfmon pebs bts rep_good nopl xtopology nonstop_tsc aperfmperf eagerfpu pni pclmulqdq dtes64 monitor ds_cpl vmx est tm2 ssse3 cx16 xtpr pdcm pcid sse4_1 sse4_2 x2apic popcnt tsc_deadline_timer aes xsave avx f16c rdrand lahf_lm epb kaiser tpr_shadow vnmi flexpriority ept vpid fsgsbase smep erms xsaveopt dtherm ida arat pln pts
bugs		:
bogomips	: 3591.59
clflush size	: 64
cache_alignment	: 64
address sizes	: 36 bits physical, 48 bits virtual
power management:

processor	: 2
vendor_id	: GenuineIntel
cpu family	: 6
model		: 58
model name	: Intel(R) Core(TM) i5-3337U CPU @ 1.80GHz
stepping	: 9
microcode	: 0x1c
cpu MHz		: 2199.937
cache size	: 3072 KB
physical id	: 0
siblings	: 4
core id		: 0
cpu cores	: 2
apicid		: 1
initial apicid	: 1
fpu		: yes
fpu_exception	: yes
cpuid level	: 13
wp		: yes
flags		: fpu vme de pse tsc msr pae mce cx8 apic sep mtrr pge mca cmov pat pse36 clflush dts acpi mmx fxsr sse sse2 ss ht tm pbe syscall nx rdtscp lm constant_tsc arch_perfmon pebs bts rep_good nopl xtopology nonstop_tsc aperfmperf eagerfpu pni pclmulqdq dtes64 monitor ds_cpl vmx est tm2 ssse3 cx16 xtpr pdcm pcid sse4_1 sse4_2 x2apic popcnt tsc_deadline_timer aes xsave avx f16c rdrand lahf_lm epb kaiser tpr_shadow vnmi flexpriority ept vpid fsgsbase smep erms xsaveopt dtherm ida arat pln pts
bugs		:
bogomips	: 3591.59
clflush size	: 64
cache_alignment	: 64
address sizes	: 36 bits physical, 48 bits virtual
power management:

processor	: 3
vendor_id	: GenuineIntel
cpu family	: 6
model		: 58
model name	: Intel(R) Core(TM) i5-3337U CPU @ 1.80GHz
stepping	: 9
microcode	: 0x1c
cpu MHz		: 2199.937
cache size	: 3072 KB
physical id	: 0
siblings	: 4
core id		: 1
cpu cores	: 2
apicid		: 3
initial apicid	: 3
fpu		: yes
fpu_exception	: yes
cpuid level	: 13
wp		: yes
flags		: fpu vme de pse tsc msr pae mce cx8 apic sep mtrr pge mca cmov pat pse36 clflush dts acpi mmx fxsr sse sse2 ss ht tm pbe syscall nx rdtscp lm constant_tsc arch_perfmon pebs bts rep_good nopl xtopology nonstop_tsc aperfmperf eagerfpu pni pclmulqdq dtes64 monitor ds_cpl vmx est tm2 ssse3 cx16 xtpr pdcm pcid sse4_1 sse4_2 x2apic popcnt tsc_deadline_timer aes xsave avx f16c rdrand lahf_lm epb kaiser tpr_shadow vnmi flexpriority ept vpid fsgsbase smep erms xsaveopt dtherm ida arat pln pts
bugs		:
bogomips	: 3591.59
clflush size	: 64
cache_alignment	: 64
address sizes	: 36 bits physical, 48 bits virtual
power management:



Memory: 4k page, physical 16331212k(518532k free), swap 16674812k(16674812k free)

vm_info: Java HotSpot(TM) 64-Bit Server VM (25.151-b12) for linux-amd64 JRE (1.8.0_151-b12), built on Sep  5 2017 19:20:58 by "java_re" with gcc 4.3.0 20080428 (Red Hat 4.3.0-8)

time: Fri Jan 12 15:27:37 2018
elapsed time: 5 seconds (0d 0h 0m 5s)

